  main.cpp
F:\academic\4-2\Project\Lighting Student Version\main.cpp(441,60): warning C4305: 'argument': truncation from 'double' to 'float'
F:\academic\4-2\Project\Lighting Student Version\main.cpp(441,53): warning C4305: 'argument': truncation from 'double' to 'float'
F:\academic\4-2\Project\Lighting Student Version\main.cpp(441,46): warning C4305: 'argument': truncation from 'double' to 'float'
F:\academic\4-2\Project\Lighting Student Version\main.cpp(451,60): warning C4305: 'argument': truncation from 'double' to 'float'
F:\academic\4-2\Project\Lighting Student Version\main.cpp(451,53): warning C4305: 'argument': truncation from 'double' to 'float'
F:\academic\4-2\Project\Lighting Student Version\main.cpp(451,46): warning C4305: 'argument': truncation from 'double' to 'float'
F:\academic\4-2\Project\Lighting Student Version\main.cpp(461,60): warning C4305: 'argument': truncation from 'double' to 'float'
F:\academic\4-2\Project\Lighting Student Version\main.cpp(461,53): warning C4305: 'argument': truncation from 'double' to 'float'
F:\academic\4-2\Project\Lighting Student Version\main.cpp(461,46): warning C4305: 'argument': truncation from 'double' to 'float'
F:\academic\4-2\Project\Lighting Student Version\main.cpp(471,60): warning C4305: 'argument': truncation from 'double' to 'float'
F:\academic\4-2\Project\Lighting Student Version\main.cpp(471,53): warning C4305: 'argument': truncation from 'double' to 'float'
F:\academic\4-2\Project\Lighting Student Version\main.cpp(471,46): warning C4305: 'argument': truncation from 'double' to 'float'
F:\academic\4-2\Project\Lighting Student Version\main.cpp(495,22): warning C4305: 'initializing': truncation from 'double' to 'float'
F:\academic\4-2\Project\Lighting Student Version\main.cpp(498,23): warning C4305: 'initializing': truncation from 'double' to 'float'
F:\academic\4-2\Project\Lighting Student Version\main.cpp(499,24): warning C4305: 'initializing': truncation from 'double' to 'float'
F:\academic\4-2\Project\Lighting Student Version\main.cpp(500,24): warning C4305: 'initializing': truncation from 'double' to 'float'
F:\academic\4-2\Project\Lighting Student Version\main.cpp(501,25): warning C4305: 'initializing': truncation from 'double' to 'float'
F:\academic\4-2\Project\Lighting Student Version\main.cpp(502,22): warning C4305: 'initializing': truncation from 'double' to 'float'
F:\academic\4-2\Project\Lighting Student Version\main.cpp(512,60): warning C4305: 'argument': truncation from 'double' to 'float'
F:\academic\4-2\Project\Lighting Student Version\main.cpp(512,53): warning C4305: 'argument': truncation from 'double' to 'float'
F:\academic\4-2\Project\Lighting Student Version\main.cpp(512,46): warning C4305: 'argument': truncation from 'double' to 'float'
F:\academic\4-2\Project\Lighting Student Version\main.cpp(523,60): warning C4305: 'argument': truncation from 'double' to 'float'
F:\academic\4-2\Project\Lighting Student Version\main.cpp(523,53): warning C4305: 'argument': truncation from 'double' to 'float'
F:\academic\4-2\Project\Lighting Student Version\main.cpp(523,46): warning C4305: 'argument': truncation from 'double' to 'float'
F:\academic\4-2\Project\Lighting Student Version\main.cpp(534,49): warning C4305: 'argument': truncation from 'double' to 'float'
F:\academic\4-2\Project\Lighting Student Version\main.cpp(545,49): warning C4305: 'argument': truncation from 'double' to 'float'
F:\academic\4-2\Project\Lighting Student Version\main.cpp(556,60): warning C4305: 'argument': truncation from 'double' to 'float'
F:\academic\4-2\Project\Lighting Student Version\main.cpp(556,53): warning C4305: 'argument': truncation from 'double' to 'float'
F:\academic\4-2\Project\Lighting Student Version\main.cpp(556,46): warning C4305: 'argument': truncation from 'double' to 'float'
F:\academic\4-2\Project\Lighting Student Version\main.cpp(567,60): warning C4305: 'argument': truncation from 'double' to 'float'
F:\academic\4-2\Project\Lighting Student Version\main.cpp(567,53): warning C4305: 'argument': truncation from 'double' to 'float'
F:\academic\4-2\Project\Lighting Student Version\main.cpp(567,46): warning C4305: 'argument': truncation from 'double' to 'float'
F:\academic\4-2\Project\Lighting Student Version\main.cpp(595,47): warning C4305: '-=': truncation from 'double' to 'float'
F:\academic\4-2\Project\Lighting Student Version\main.cpp(596,52): warning C4305: '-=': truncation from 'double' to 'float'
F:\academic\4-2\Project\Lighting Student Version\main.cpp(597,34): warning C4305: '-=': truncation from 'double' to 'float'
F:\academic\4-2\Project\Lighting Student Version\main.cpp(599,75): warning C4305: '+=': truncation from 'double' to 'float'
F:\academic\4-2\Project\Lighting Student Version\main.cpp(600,75): warning C4305: '-=': truncation from 'double' to 'float'
F:\academic\4-2\Project\Lighting Student Version\main.cpp(601,75): warning C4305: '+=': truncation from 'double' to 'float'
F:\academic\4-2\Project\Lighting Student Version\main.cpp(602,75): warning C4305: '-=': truncation from 'double' to 'float'
F:\academic\4-2\Project\Lighting Student Version\main.cpp(603,75): warning C4305: '+=': truncation from 'double' to 'float'
F:\academic\4-2\Project\Lighting Student Version\main.cpp(604,75): warning C4305: '-=': truncation from 'double' to 'float'
F:\academic\4-2\Project\Lighting Student Version\main.cpp(605,71): warning C4305: '+=': truncation from 'double' to 'float'
F:\academic\4-2\Project\Lighting Student Version\main.cpp(606,71): warning C4305: '-=': truncation from 'double' to 'float'
F:\academic\4-2\Project\Lighting Student Version\main.cpp(607,71): warning C4305: '+=': truncation from 'double' to 'float'
F:\academic\4-2\Project\Lighting Student Version\main.cpp(608,71): warning C4305: '-=': truncation from 'double' to 'float'
F:\academic\4-2\Project\Lighting Student Version\main.cpp(609,71): warning C4305: '+=': truncation from 'double' to 'float'
F:\academic\4-2\Project\Lighting Student Version\main.cpp(610,71): warning C4305: '-=': truncation from 'double' to 'float'
F:\academic\4-2\Project\Lighting Student Version\main.cpp(614,29): warning C4305: '+=': truncation from 'double' to 'float'
F:\academic\4-2\Project\Lighting Student Version\main.cpp(621,29): warning C4305: '+=': truncation from 'double' to 'float'
F:\academic\4-2\Project\Lighting Student Version\main.cpp(628,29): warning C4305: '+=': truncation from 'double' to 'float'
F:\academic\4-2\Project\Lighting Student Version\main.cpp(636,21): warning C4244: '+=': conversion from 'double' to 'float', possible loss of data
F:\academic\4-2\Project\Lighting Student Version\main.cpp(641,21): warning C4244: '-=': conversion from 'double' to 'float', possible loss of data
F:\academic\4-2\Project\Lighting Student Version\main.cpp(646,21): warning C4244: '+=': conversion from 'double' to 'float', possible loss of data
F:\academic\4-2\Project\Lighting Student Version\main.cpp(651,21): warning C4244: '-=': conversion from 'double' to 'float', possible loss of data
F:\academic\4-2\Project\Lighting Student Version\main.cpp(656,21): warning C4244: '+=': conversion from 'double' to 'float', possible loss of data
F:\academic\4-2\Project\Lighting Student Version\main.cpp(661,21): warning C4244: '-=': conversion from 'double' to 'float', possible loss of data
  Lighting.vcxproj -> F:\academic\4-2\Project\Lighting Student Version\x64\Debug\Lighting.exe
